<?xml version="1.0" encoding="UTF-8"?>
<testng-results skipped="0" failed="0" total="0" passed="0">
  <reporter-output>
  </reporter-output>
  <suite name="testBase.TestBase" duration-ms="4" started-at="2017-03-02T12:43:34Z" finished-at="2017-03-02T12:43:34Z">
    <groups>
    </groups>
    <test name="Command line test" duration-ms="4" started-at="2017-03-02T12:43:34Z" finished-at="2017-03-02T12:43:34Z">
    </test> <!-- Command line test -->
  </suite> <!-- testBase.TestBase -->
</testng-results>
